# JRE version: Java(TM) SE Runtime Environment (8.0_60-b27) (build 1.8.0_60-b27)
# Java VM: Java HotSpot(TM) 64-Bit Server VM (25.60-b23 mixed mode windows-amd64 compressed oops)
Heap:
 PSYoungGen      total 158720K, used 36823K [0x00000000e0000000, 0x00000000ec000000, 0x0000000100000000)
  eden space 131072K, 7% used [0x00000000e0000000,0x00000000e08f9c60,0x00000000e8000000)
  from space 27648K, 99% used [0x00000000e9f00000,0x00000000eb9fc060,0x00000000eba00000)
  to   space 31744K, 0% used [0x00000000e8000000,0x00000000e8000000,0x00000000e9f00000)
 ParOldGen       total 178176K, used 41825K [0x00000000a0000000, 0x00000000aae00000, 0x00000000e0000000)
  object space 178176K, 23% used [0x00000000a0000000,0x00000000a28d8568,0x00000000aae00000)
 Metaspace       used 71069K, capacity 74682K, committed 74712K, reserved 1114112K
  class space    used 9583K, capacity 10238K, committed 10240K, reserved 1048576K
GC Heap History (10 events):
Event: 661.455 GC heap before
{Heap before GC invocations=21 (full 3):
 PSYoungGen      total 112640K, used 86507K [0x00000000e0000000, 0x00000000e9f80000, 0x0000000100000000)
  eden space 86528K, 99% used [0x00000000e0000000,0x00000000e547ac00,0x00000000e5480000)
  from space 26112K, 0% used [0x00000000e5480000,0x00000000e5480000,0x00000000e6e00000)
  to   space 29696K, 0% used [0x00000000e8280000,0x00000000e8280000,0x00000000e9f80000)
 ParOldGen       total 178176K, used 41117K [0x00000000a0000000, 0x00000000aae00000, 0x00000000e0000000)
  object space 178176K, 23% used [0x00000000a0000000,0x00000000a28274c0,0x00000000aae00000)
 Metaspace       used 61094K, capacity 63664K, committed 63960K, reserved 1103872K
  class space    used 8347K, capacity 8843K, committed 8960K, reserved 1048576K
Event: 661.480 GC heap after
Heap after GC invocations=21 (full 3):
 PSYoungGen      total 129536K, used 8217K [0x00000000e0000000, 0x00000000e9d00000, 0x0000000100000000)
  eden space 102400K, 0% used [0x00000000e0000000,0x00000000e0000000,0x00000000e6400000)
  from space 27136K, 30% used [0x00000000e8280000,0x00000000e8a86520,0x00000000e9d00000)
  to   space 29184K, 0% used [0x00000000e6400000,0x00000000e6400000,0x00000000e8080000)
 ParOldGen       total 178176K, used 41125K [0x00000000a0000000, 0x00000000aae00000, 0x00000000e0000000)
  object space 178176K, 23% used [0x00000000a0000000,0x00000000a28294c0,0x00000000aae00000)
 Metaspace       used 61094K, capacity 63664K, committed 63960K, reserved 1103872K
  class space    used 8347K, capacity 8843K, committed 8960K, reserved 1048576K
}
Event: 665.334 GC heap before
{Heap before GC invocations=22 (full 3):
 PSYoungGen      total 129536K, used 110617K [0x00000000e0000000, 0x00000000e9d00000, 0x0000000100000000)
  eden space 102400K, 100% used [0x00000000e0000000,0x00000000e6400000,0x00000000e6400000)
  from space 27136K, 30% used [0x00000000e8280000,0x00000000e8a86520,0x00000000e9d00000)
  to   space 29184K, 0% used [0x00000000e6400000,0x00000000e6400000,0x00000000e8080000)
 ParOldGen       total 178176K, used 41125K [0x00000000a0000000, 0x00000000aae00000, 0x00000000e0000000)
  object space 178176K, 23% used [0x00000000a0000000,0x00000000a28294c0,0x00000000aae00000)
 Metaspace       used 64404K, capacity 67404K, committed 67544K, reserved 1107968K
  class space    used 8847K, capacity 9426K, committed 9472K, reserved 1048576K
Event: 665.371 GC heap after
Heap after GC invocations=22 (full 3):
 PSYoungGen      total 131584K, used 13853K [0x00000000e0000000, 0x00000000eac00000, 0x0000000100000000)
  eden space 102400K, 0% used [0x00000000e0000000,0x00000000e0000000,0x00000000e6400000)
  from space 29184K, 47% used [0x00000000e6400000,0x00000000e7187708,0x00000000e8080000)
  to   space 27648K, 0% used [0x00000000e9100000,0x00000000e9100000,0x00000000eac00000)
 ParOldGen       total 178176K, used 41133K [0x00000000a0000000, 0x00000000aae00000, 0x00000000e0000000)
  object space 178176K, 23% used [0x00000000a0000000,0x00000000a282b4c0,0x00000000aae00000)
 Metaspace       used 64404K, capacity 67404K, committed 67544K, reserved 1107968K
  class space    used 8847K, capacity 9426K, committed 9472K, reserved 1048576K
}
Event: 682.426 GC heap before
{Heap before GC invocations=23 (full 3):
 PSYoungGen      total 131584K, used 116253K [0x00000000e0000000, 0x00000000eac00000, 0x0000000100000000)
  eden space 102400K, 100% used [0x00000000e0000000,0x00000000e6400000,0x00000000e6400000)
  from space 29184K, 47% used [0x00000000e6400000,0x00000000e7187708,0x00000000e8080000)
  to   space 27648K, 0% used [0x00000000e9100000,0x00000000e9100000,0x00000000eac00000)
 ParOldGen       total 178176K, used 41133K [0x00000000a0000000, 0x00000000aae00000, 0x00000000e0000000)
  object space 178176K, 23% used [0x00000000a0000000,0x00000000a282b4c0,0x00000000aae00000)
 Metaspace       used 67696K, capacity 71180K, committed 71384K, reserved 1110016K
  class space    used 9217K, capacity 9875K, committed 9984K, reserved 1048576K
Event: 682.468 GC heap after
Heap after GC invocations=23 (full 3):
 PSYoungGen      total 142336K, used 14194K [0x00000000e0000000, 0x00000000ea800000, 0x0000000100000000)
  eden space 118784K, 0% used [0x00000000e0000000,0x00000000e0000000,0x00000000e7400000)
  from space 23552K, 60% used [0x00000000e9100000,0x00000000e9edcaa0,0x00000000ea800000)
  to   space 26624K, 0% used [0x00000000e7400000,0x00000000e7400000,0x00000000e8e00000)
 ParOldGen       total 178176K, used 41141K [0x00000000a0000000, 0x00000000aae00000, 0x00000000e0000000)
  object space 178176K, 23% used [0x00000000a0000000,0x00000000a282d4c0,0x00000000aae00000)
 Metaspace       used 67696K, capacity 71180K, committed 71384K, reserved 1110016K
  class space    used 9217K, capacity 9875K, committed 9984K, reserved 1048576K
}
Event: 781.503 GC heap before
{Heap before GC invocations=24 (full 3):
 PSYoungGen      total 142336K, used 132978K [0x00000000e0000000, 0x00000000ea800000, 0x0000000100000000)
  eden space 118784K, 100% used [0x00000000e0000000,0x00000000e7400000,0x00000000e7400000)
  from space 23552K, 60% used [0x00000000e9100000,0x00000000e9edcaa0,0x00000000ea800000)
  to   space 26624K, 0% used [0x00000000e7400000,0x00000000e7400000,0x00000000e8e00000)
 ParOldGen       total 178176K, used 41141K [0x00000000a0000000, 0x00000000aae00000, 0x00000000e0000000)
  object space 178176K, 23% used [0x00000000a0000000,0x00000000a282d4c0,0x00000000aae00000)
 Metaspace       used 70459K, capacity 74110K, committed 74200K, reserved 1114112K
  class space    used 9552K, capacity 10232K, committed 10240K, reserved 1048576K
Event: 781.638 GC heap after
Heap after GC invocations=24 (full 3):
 PSYoungGen      total 145408K, used 18270K [0x00000000e0000000, 0x00000000eba00000, 0x0000000100000000)
  eden space 118784K, 0% used [0x00000000e0000000,0x00000000e0000000,0x00000000e7400000)
  from space 26624K, 68% used [0x00000000e7400000,0x00000000e85d7800,0x00000000e8e00000)
  to   space 27648K, 0% used [0x00000000e9f00000,0x00000000e9f00000,0x00000000eba00000)
 ParOldGen       total 178176K, used 41149K [0x00000000a0000000, 0x00000000aae00000, 0x00000000e0000000)
  object space 178176K, 23% used [0x00000000a0000000,0x00000000a282f4c0,0x00000000aae00000)
 Metaspace       used 70459K, capacity 74110K, committed 74200K, reserved 1114112K
  class space    used 9552K, capacity 10232K, committed 10240K, reserved 1048576K
}
Event: 828.374 GC heap before
{Heap before GC invocations=25 (full 3):
 PSYoungGen      total 145408K, used 137054K [0x00000000e0000000, 0x00000000eba00000, 0x0000000100000000)
  eden space 118784K, 100% used [0x00000000e0000000,0x00000000e7400000,0x00000000e7400000)
  from space 26624K, 68% used [0x00000000e7400000,0x00000000e85d7800,0x00000000e8e00000)
  to   space 27648K, 0% used [0x00000000e9f00000,0x00000000e9f00000,0x00000000eba00000)
 ParOldGen       total 178176K, used 41149K [0x00000000a0000000, 0x00000000aae00000, 0x00000000e0000000)
  object space 178176K, 23% used [0x00000000a0000000,0x00000000a282f4c0,0x00000000aae00000)
 Metaspace       used 71052K, capacity 74618K, committed 74712K, reserved 1114112K
  class space    used 9583K, capacity 10238K, committed 10240K, reserved 1048576K
Event: 828.485 GC heap after
Heap after GC invocations=25 (full 3):
 PSYoungGen      total 158720K, used 27632K [0x00000000e0000000, 0x00000000ec000000, 0x0000000100000000)
  eden space 131072K, 0% used [0x00000000e0000000,0x00000000e0000000,0x00000000e8000000)
  from space 27648K, 99% used [0x00000000e9f00000,0x00000000eb9fc060,0x00000000eba00000)
  to   space 31744K, 0% used [0x00000000e8000000,0x00000000e8000000,0x00000000e9f00000)
 ParOldGen       total 178176K, used 41825K [0x00000000a0000000, 0x00000000aae00000, 0x00000000e0000000)
  object space 178176K, 23% used [0x00000000a0000000,0x00000000a28d8568,0x00000000aae00000)
 Metaspace       used 71052K, capacity 74618K, committed 74712K, reserved 1114112K
  class space    used 9583K, capacity 10238K, committed 10240K, reserved 1048576K
}

